<?xml version="1.0" encoding="UTF-8"?>
<testng-results skipped="0" failed="0" total="2" passed="2">
  <reporter-output>
    <line>
      <![CDATA[HomePage is Displayed]]>
    </line>
    <line>
      <![CDATA[testValidLogin is PASSED]]>
    </line>
    <line>
      <![CDATA[testbInvalidLogin is PASSED]]>
    </line>
  </reporter-output>
  <suite name="Suite" duration-ms="30212" started-at="2018-03-21T04:23:07Z" finished-at="2018-03-21T04:23:37Z">
    <groups>
      <group name="smoke">
        <method signature="CheckValidLogin.testValidLogin()[pri:1, instance:script.CheckValidLogin@1bce4f0a]" name="testValidLogin" class="script.CheckValidLogin"/>
      </group> <!-- smoke -->
      <group name="login">
        <method signature="CheckValidLogin.testValidLogin()[pri:1, instance:script.CheckValidLogin@1bce4f0a]" name="testValidLogin" class="script.CheckValidLogin"/>
        <method signature="InvalidLogin.testbInvalidLogin()[pri:2, instance:script.InvalidLogin@5e3a8624]" name="testbInvalidLogin" class="script.InvalidLogin"/>
      </group> <!-- login -->
    </groups>
    <test name="TestOnFirefox" duration-ms="30212" started-at="2018-03-21T04:23:07Z" finished-at="2018-03-21T04:23:37Z">
      <class name="script.InvalidLogin">
        <test-method status="PASS" signature="openApplication(java.lang.String, java.lang.String)[pri:0, instance:script.InvalidLogin@5e3a8624]" name="openApplication" is-config="true" duration-ms="4551" started-at="2018-03-21T09:53:16Z" finished-at="2018-03-21T09:53:20Z">
          <params>
            <param index="0">
              <value>
                <![CDATA[localhost]]>
              </value>
            </param>
            <param index="1">
              <value>
                <![CDATA[firefox]]>
              </value>
            </param>
          </params>
          <reporter-output>
          </reporter-output>
        </test-method> <!-- openApplication -->
        <test-method status="PASS" signature="testbInvalidLogin()[pri:2, instance:script.InvalidLogin@5e3a8624]" name="testbInvalidLogin" duration-ms="16250" started-at="2018-03-21T09:53:20Z" finished-at="2018-03-21T09:53:37Z">
          <reporter-output>
          </reporter-output>
        </test-method> <!-- testbInvalidLogin -->
        <test-method status="PASS" signature="closeApplication(org.testng.ITestResult)[pri:0, instance:script.InvalidLogin@5e3a8624]" name="closeApplication" is-config="true" duration-ms="226" started-at="2018-03-21T09:53:37Z" finished-at="2018-03-21T09:53:37Z">
          <params>
            <param index="0">
              <value>
                <![CDATA[[TestResult name=testbInvalidLogin status=SUCCESS method=InvalidLogin.testbInvalidLogin()[pri:2, instance:script.InvalidLogin@5e3a8624] output={null}]]]>
              </value>
            </param>
          </params>
          <reporter-output>
            <line>
              <![CDATA[testbInvalidLogin is PASSED]]>
            </line>
          </reporter-output>
        </test-method> <!-- closeApplication -->
      </class> <!-- script.InvalidLogin -->
      <class name="script.CheckValidLogin">
        <test-method status="PASS" signature="openApplication(java.lang.String, java.lang.String)[pri:0, instance:script.CheckValidLogin@1bce4f0a]" name="openApplication" is-config="true" duration-ms="6094" started-at="2018-03-21T09:53:07Z" finished-at="2018-03-21T09:53:13Z">
          <params>
            <param index="0">
              <value>
                <![CDATA[localhost]]>
              </value>
            </param>
            <param index="1">
              <value>
                <![CDATA[firefox]]>
              </value>
            </param>
          </params>
          <reporter-output>
          </reporter-output>
        </test-method> <!-- openApplication -->
        <test-method status="PASS" signature="testValidLogin()[pri:1, instance:script.CheckValidLogin@1bce4f0a]" name="testValidLogin" duration-ms="2428" started-at="2018-03-21T09:53:13Z" finished-at="2018-03-21T09:53:15Z">
          <reporter-output>
            <line>
              <![CDATA[HomePage is Displayed]]>
            </line>
          </reporter-output>
        </test-method> <!-- testValidLogin -->
        <test-method status="PASS" signature="closeApplication(org.testng.ITestResult)[pri:0, instance:script.CheckValidLogin@1bce4f0a]" name="closeApplication" is-config="true" duration-ms="638" started-at="2018-03-21T09:53:15Z" finished-at="2018-03-21T09:53:16Z">
          <params>
            <param index="0">
              <value>
                <![CDATA[[TestResult name=testValidLogin status=SUCCESS method=CheckValidLogin.testValidLogin()[pri:1, instance:script.CheckValidLogin@1bce4f0a] output=HomePage is Displayed]]]>
              </value>
            </param>
          </params>
          <reporter-output>
            <line>
              <![CDATA[testValidLogin is PASSED]]>
            </line>
          </reporter-output>
        </test-method> <!-- closeApplication -->
      </class> <!-- script.CheckValidLogin -->
    </test> <!-- TestOnFirefox -->
  </suite> <!-- Suite -->
</testng-results>
